[0805/154506:ERROR:process_info.cc(608)] range at 0xfffde000, size 0x230 fully unreadable
[0805/154506:ERROR:process_reader_win.cc(141)] SuspendThread: Access is denied. (0x5)
[0805/154506:ERROR:exception_snapshot_win.cc(57)] thread ID 10312 not found in process
[0805/154506:WARNING:crash_report_exception_handler.cc(60)] ProcessSnapshotWin::InitializeException failed
[0805/154506:ERROR:scoped_process_suspend.cc(38)] NtResumeProcess, ntstatus=-1073741558
[0805/175701:ERROR:process_info.cc(608)] range at 0xfffde000, size 0x230 fully unreadable
[0805/175701:ERROR:process_info.cc(608)] range at 0x0, size 0x24 fully unreadable
[0805/175701:ERROR:process_reader_win.cc(232)] ReadMemory at 0x0 of 36 bytes failed: Only part of a ReadProcessMemory or WriteProcessMemory request was completed. (0x12B)
[0805/175701:ERROR:process_snapshot_win.cc(357)] ReadMemory PEB_LDR_DATA
[0805/175701:ERROR:process_reader_win.cc(232)] ReadMemory at 0x0 of 784 bytes failed: Only part of a ReadProcessMemory or WriteProcessMemory request was completed. (0x12B)
[0805/175701:ERROR:process_snapshot_win.cc(380)] ReadMemory RTL_USER_PROCESS_PARAMETERS
[0805/175701:ERROR:process_reader_win.cc(98)] process 9552 not found
[0805/175701:ERROR:process_reader_win.cc(232)] ReadMemory at 0x9e0000 of 64 bytes failed: Only part of a ReadProcessMemory or WriteProcessMemory request was completed. (0x12B)
[0805/175701:WARNING:pe_image_reader.cc(280)] could not read dos header from C:\Program Files (x86)\Google\Chrome\Application\chrome.exe
[0805/175701:ERROR:process_reader_win.cc(232)] ReadMemory at 0x770d0000 of 64 bytes failed: Only part of a ReadProcessMemory or WriteProcessMemory request was completed. (0x12B)
[0805/175701:WARNING:pe_image_reader.cc(280)] could not read dos header from C:\windows\SysWOW64\ntdll.dll
[0805/175701:ERROR:process_reader_win.cc(232)] ReadMemory at 0x751b0000 of 64 bytes failed: Only part of a ReadProcessMemory or WriteProcessMemory request was completed. (0x12B)
[0805/175701:WARNING:pe_image_reader.cc(280)] could not read dos header from C:\windows\syswow64\KERNELBASE.dll
[0805/175701:ERROR:process_reader_win.cc(232)] ReadMemory at 0x75bc0000 of 64 bytes failed: Only part of a ReadProcessMemory or WriteProcessMemory request was completed. (0x12B)
[0805/175701:WARNING:pe_image_reader.cc(280)] could not read dos header from C:\windows\syswow64\kernel32.dll
[0805/175701:ERROR:process_reader_win.cc(232)] ReadMemory at 0x750f0000 of 64 bytes failed: Only part of a ReadProcessMemory or WriteProcessMemory request was completed. (0x12B)
[0805/175701:WARNING:pe_image_reader.cc(280)] could not read dos header from C:\windows\syswow64\msvcrt.dll
[0805/175701:ERROR:process_reader_win.cc(232)] ReadMemory at 0x749d0000 of 64 bytes failed: Only part of a ReadProcessMemory or WriteProcessMemory request was completed. (0x12B)
[0805/175701:WARNING:pe_image_reader.cc(280)] could not read dos header from C:\windows\syswow64\CRYPTBASE.dll
[0805/175701:ERROR:process_reader_win.cc(232)] ReadMemory at 0x749e0000 of 64 bytes failed: Only part of a ReadProcessMemory or WriteProcessMemory request was completed. (0x12B)
[0805/175701:WARNING:pe_image_reader.cc(280)] could not read dos header from C:\windows\syswow64\SspiCli.dll
[0805/175701:ERROR:process_reader_win.cc(232)] ReadMemory at 0x75670000 of 64 bytes failed: Only part of a ReadProcessMemory or WriteProcessMemory request was completed. (0x12B)
[0805/175701:WARNING:pe_image_reader.cc(280)] could not read dos header from C:\windows\syswow64\RPCRT4.dll
[0805/175701:ERROR:process_reader_win.cc(232)] ReadMemory at 0x750d0000 of 64 bytes failed: Only part of a ReadProcessMemory or WriteProcessMemory request was completed. (0x12B)
[0805/175701:WARNING:pe_image_reader.cc(280)] could not read dos header from C:\windows\SysWOW64\sechost.dll
[0805/175701:ERROR:process_reader_win.cc(232)] ReadMemory at 0x74bf0000 of 64 bytes failed: Only part of a ReadProcessMemory or WriteProcessMemory request was completed. (0x12B)
[0805/175701:WARNING:pe_image_reader.cc(280)] could not read dos header from C:\windows\syswow64\ADVAPI32.dll
[0805/175701:ERROR:process_reader_win.cc(232)] ReadMemory at 0x5f8a0000 of 64 bytes failed: Only part of a ReadProcessMemory or WriteProcessMemory request was completed. (0x12B)
[0805/175701:WARNING:pe_image_reader.cc(280)] could not read dos header from C:\Program Files (x86)\Google\Chrome\Application\51.0.2704.103\chrome_elf.dll
[0805/175701:ERROR:process_reader_win.cc(232)] ReadMemory at 0x745c0000 of 64 bytes failed: Only part of a ReadProcessMemory or WriteProcessMemory request was completed. (0x12B)
[0805/175701:WARNING:pe_image_reader.cc(280)] could not read dos header from C:\windows\system32\VERSION.dll
[0805/175701:ERROR:process_reader_win.cc(232)] ReadMemory at 0x75030000 of 64 bytes failed: Only part of a ReadProcessMemory or WriteProcessMemory request was completed. (0x12B)
[0805/175701:WARNING:pe_image_reader.cc(280)] could not read dos header from C:\windows\syswow64\USP10.dll
[0805/175701:ERROR:process_reader_win.cc(232)] ReadMemory at 0x74a40000 of 64 bytes failed: Only part of a ReadProcessMemory or WriteProcessMemory request was completed. (0x12B)
[0805/175701:WARNING:pe_image_reader.cc(280)] could not read dos header from C:\windows\syswow64\LPK.dll
[0805/175701:ERROR:process_reader_win.cc(232)] ReadMemory at 0x76bd0000 of 64 bytes failed: Only part of a ReadProcessMemory or WriteProcessMemory request was completed. (0x12B)
[0805/175701:WARNING:pe_image_reader.cc(280)] could not read dos header from C:\windows\syswow64\GDI32.dll
[0805/175701:ERROR:process_reader_win.cc(232)] ReadMemory at 0x76ad0000 of 64 bytes failed: Only part of a ReadProcessMemory or WriteProcessMemory request was completed. (0x12B)
[0805/175701:WARNING:pe_image_reader.cc(280)] could not read dos header from C:\windows\syswow64\USER32.dll
[0805/175701:ERROR:process_reader_win.cc(232)] ReadMemory at 0x6dcc0000 of 64 bytes failed: Only part of a ReadProcessMemory or WriteProcessMemory request was completed. (0x12B)
[0805/175701:WARNING:pe_image_reader.cc(280)] could not read dos header from C:\windows\system32\WINMM.dll
[0805/175701:ERROR:process_reader_win.cc(232)] ReadMemory at 0x75b20000 of 64 bytes failed: Only part of a ReadProcessMemory or WriteProcessMemory request was completed. (0x12B)
[0805/175701:WARNING:pe_image_reader.cc(280)] could not read dos header from C:\windows\syswow64\profapi.dll
[0805/175701:ERROR:process_reader_win.cc(232)] ReadMemory at 0x757f0000 of 64 bytes failed: Only part of a ReadProcessMemory or WriteProcessMemory request was completed. (0x12B)
[0805/175701:WARNING:pe_image_reader.cc(280)] could not read dos header from C:\windows\syswow64\USERENV.dll
[0805/175701:ERROR:process_reader_win.cc(232)] ReadMemory at 0x741b0000 of 64 bytes failed: Only part of a ReadProcessMemory or WriteProcessMemory request was completed. (0x12B)
[0805/175701:WARNING:pe_image_reader.cc(280)] could not read dos header from C:\windows\system32\WTSAPI32.dll
[0805/175701:ERROR:process_reader_win.cc(232)] ReadMemory at 0x74510000 of 64 bytes failed: Only part of a ReadProcessMemory or WriteProcessMemory request was completed. (0x12B)
[0805/175701:WARNING:pe_image_reader.cc(280)] could not read dos header from C:\windows\system32\webio.dll
[0805/175701:ERROR:process_reader_win.cc(232)] ReadMemory at 0x74560000 of 64 bytes failed: Only part of a ReadProcessMemory or WriteProcessMemory request was completed. (0x12B)
[0805/175701:WARNING:pe_image_reader.cc(280)] could not read dos header from C:\windows\system32\WINHTTP.dll
[0805/175701:ERROR:process_reader_win.cc(232)] ReadMemory at 0x63e60000 of 64 bytes failed: Only part of a ReadProcessMemory or WriteProcessMemory request was completed. (0x12B)
[0805/175701:WARNING:pe_image_reader.cc(280)] could not read dos header from C:\windows\system32\api-ms-win-core-synch-l1-2-0.DLL
[0805/175701:ERROR:process_reader_win.cc(232)] ReadMemory at 0x74a50000 of 64 bytes failed: Only part of a ReadProcessMemory or WriteProcessMemory request was completed. (0x12B)
[0805/175701:WARNING:pe_image_reader.cc(280)] could not read dos header from C:\windows\syswow64\MSCTF.dll
[0805/175701:ERROR:process_reader_win.cc(232)] ReadMemory at 0x75ab0000 of 64 bytes failed: Only part of a ReadProcessMemory or WriteProcessMemory request was completed. (0x12B)
[0805/175701:WARNING:pe_image_reader.cc(280)] could not read dos header from C:\windows\system32\IMM32.DLL
[0805/175701:ERROR:process_reader_win.cc(232)] ReadMemory at 0x74b90000 of 64 bytes failed: Only part of a ReadProcessMemory or WriteProcessMemory request was completed. (0x12B)
[0805/175701:WARNING:pe_image_reader.cc(280)] could not read dos header from C:\windows\syswow64\SHLWAPI.dll
[0805/175701:ERROR:process_reader_win.cc(232)] ReadMemory at 0x75e80000 of 64 bytes failed: Only part of a ReadProcessMemory or WriteProcessMemory request was completed. (0x12B)
[0805/175701:WARNING:pe_image_reader.cc(280)] could not read dos header from C:\windows\syswow64\SHELL32.dll
[0805/175701:ERROR:process_reader_win.cc(232)] ReadMemory at 0x770a0000 of 64 bytes failed: Only part of a ReadProcessMemory or WriteProcessMemory request was completed. (0x12B)
[0805/175701:WARNING:pe_image_reader.cc(280)] could not read dos header from C:\windows\syswow64\PSAPI.DLL
[0805/175701:ERROR:process_reader_win.cc(232)] ReadMemory at 0x744b0000 of 64 bytes failed: Only part of a ReadProcessMemory or WriteProcessMemory request was completed. (0x12B)
[0805/175701:WARNING:pe_image_reader.cc(280)] could not read dos header from C:\windows\system32\WINSPOOL.DRV
[0805/175701:ERROR:process_reader_win.cc(232)] ReadMemory at 0x6e090000 of 64 bytes failed: Only part of a ReadProcessMemory or WriteProcessMemory request was completed. (0x12B)
[0805/175701:WARNING:pe_image_reader.cc(280)] could not read dos header from C:\windows\WinSxS\x86_microsoft.windows.common-controls_6595b64144ccf1df_6.0.7601.18837_none_41e855142bd5705d\COMCTL32.dll
[0805/175701:ERROR:process_reader_win.cc(232)] ReadMemory at 0x75220000 of 64 bytes failed: Only part of a ReadProcessMemory or WriteProcessMemory request was completed. (0x12B)
[0805/175701:WARNING:pe_image_reader.cc(280)] could not read dos header from C:\windows\syswow64\COMDLG32.dll
[0805/175701:ERROR:process_reader_win.cc(232)] ReadMemory at 0x752a0000 of 64 bytes failed: Only part of a ReadProcessMemory or WriteProcessMemory request was completed. (0x12B)
[0805/175701:WARNING:pe_image_reader.cc(280)] could not read dos header from C:\windows\syswow64\ole32.dll
[0805/175701:ERROR:process_reader_win.cc(232)] ReadMemory at 0x75b30000 of 64 bytes failed: Only part of a ReadProcessMemory or WriteProcessMemory request was completed. (0x12B)
[0805/175701:WARNING:pe_image_reader.cc(280)] could not read dos header from C:\windows\syswow64\OLEAUT32.dll
[0805/175701:ERROR:process_reader_win.cc(232)] ReadMemory at 0x75450000 of 64 bytes failed: Only part of a ReadProcessMemory or WriteProcessMemory request was completed. (0x12B)
[0805/175701:WARNING:pe_image_reader.cc(280)] could not read dos header from C:\windows\syswow64\NSI.dll
[0805/175701:ERROR:process_reader_win.cc(232)] ReadMemory at 0x74660000 of 64 bytes failed: Only part of a ReadProcessMemory or WriteProcessMemory request was completed. (0x12B)
[0805/175701:WARNING:pe_image_reader.cc(280)] could not read dos header from C:\windows\system32\WINNSI.DLL
[0805/175701:ERROR:process_reader_win.cc(232)] ReadMemory at 0x74670000 of 64 bytes failed: Only part of a ReadProcessMemory or WriteProcessMemory request was completed. (0x12B)
[0805/175701:WARNING:pe_image_reader.cc(280)] could not read dos header from C:\windows\system32\IPHLPAPI.DLL
[0805/175701:ERROR:process_reader_win.cc(232)] ReadMemory at 0x76c90000 of 64 bytes failed: Only part of a ReadProcessMemory or WriteProcessMemory request was completed. (0x12B)
[0805/175701:WARNING:pe_image_reader.cc(280)] could not read dos header from C:\windows\syswow64\WS2_32.dll
[0805/175701:ERROR:process_reader_win.cc(232)] ReadMemory at 0x75200000 of 64 bytes failed: Only part of a ReadProcessMemory or WriteProcessMemory request was completed. (0x12B)
[0805/175701:WARNING:pe_image_reader.cc(280)] could not read dos header from C:\windows\syswow64\MSASN1.dll
[0805/175701:ERROR:process_reader_win.cc(232)] ReadMemory at 0x754b0000 of 64 bytes failed: Only part of a ReadProcessMemory or WriteProcessMemory request was completed. (0x12B)
[0805/175701:WARNING:pe_image_reader.cc(280)] could not read dos header from C:\windows\syswow64\CRYPT32.dll
[0805/175701:ERROR:process_reader_win.cc(232)] ReadMemory at 0x75470000 of 64 bytes failed: Only part of a ReadProcessMemory or WriteProcessMemory request was completed. (0x12B)
[0805/175701:WARNING:pe_image_reader.cc(280)] could not read dos header from C:\windows\syswow64\WINTRUST.dll
[0805/175701:ERROR:process_reader_win.cc(232)] ReadMemory at 0x745d0000 of 64 bytes failed: Only part of a ReadProcessMemory or WriteProcessMemory request was completed. (0x12B)
[0805/175701:WARNING:pe_image_reader.cc(280)] could not read dos header from C:\windows\system32\Secur32.dll
[0805/175701:ERROR:process_reader_win.cc(232)] ReadMemory at 0x55810000 of 64 bytes failed: Only part of a ReadProcessMemory or WriteProcessMemory request was completed. (0x12B)
[0805/175701:WARNING:pe_image_reader.cc(280)] could not read dos header from C:\Program Files (x86)\Google\Chrome\Application\51.0.2704.103\chrome_child.dll
[0805/175701:ERROR:process_reader_win.cc(232)] ReadMemory at 0x645d0000 of 64 bytes failed: Only part of a ReadProcessMemory or WriteProcessMemory request was completed. (0x12B)
[0805/175701:WARNING:pe_image_reader.cc(280)] could not read dos header from C:\windows\system32\dwrite.dll
[0805/175701:ERROR:process_reader_win.cc(232)] ReadMemory at 0xa9c374 of 12 bytes failed: Only part of a ReadProcessMemory or WriteProcessMemory request was completed. (0x12B)
[0805/175701:WARNING:process_snapshot_win.cc(102)] ReadMemory ExceptionInformation failed
[0805/175701:WARNING:crash_report_exception_handler.cc(60)] ProcessSnapshotWin::InitializeException failed
[0805/175701:ERROR:scoped_process_suspend.cc(38)] NtResumeProcess, ntstatus=-1073741558
